-------------------------------------------------------------------------------
Test set: com.article.service.ServiceApplicationTests
-------------------------------------------------------------------------------
Tests run: 1, Failures: 0, Errors: 1, Skipped: 0, Time elapsed: 23.663 s <<< FAILURE! - in com.article.service.ServiceApplicationTests
contextLoads(com.article.service.ServiceApplicationTests)  Time elapsed: 0 s  <<< ERROR!
java.lang.IllegalStateException: Failed to load ApplicationContext
Caused by: org.springframework.beans.factory.UnsatisfiedDependencyException: Error creating bean with name 'serverCache': Unsatisfied dependency expressed through method 'setZkUtil' parameter 0; nested exception is org.springframework.beans.factory.UnsatisfiedDependencyException: Error creating bean with name 'ZKit': Unsatisfied dependency expressed through method 'setZkClient' parameter 0; nested exception is org.springframework.beans.factory.BeanCreationException: Error creating bean with name 'buildZKClient' defined in class path resource [com/article/service/config/BeanConfig.class]: Bean instantiation via factory method failed; nested exception is org.springframework.beans.BeanInstantiationException: Failed to instantiate [org.I0Itec.zkclient.ZkClient]: Factory method 'buildZKClient' threw exception; nested exception is org.I0Itec.zkclient.exception.ZkTimeoutException: Unable to connect to zookeeper server within timeout: 15000
Caused by: org.springframework.beans.factory.UnsatisfiedDependencyException: Error creating bean with name 'ZKit': Unsatisfied dependency expressed through method 'setZkClient' parameter 0; nested exception is org.springframework.beans.factory.BeanCreationException: Error creating bean with name 'buildZKClient' defined in class path resource [com/article/service/config/BeanConfig.class]: Bean instantiation via factory method failed; nested exception is org.springframework.beans.BeanInstantiationException: Failed to instantiate [org.I0Itec.zkclient.ZkClient]: Factory method 'buildZKClient' threw exception; nested exception is org.I0Itec.zkclient.exception.ZkTimeoutException: Unable to connect to zookeeper server within timeout: 15000
Caused by: org.springframework.beans.factory.BeanCreationException: Error creating bean with name 'buildZKClient' defined in class path resource [com/article/service/config/BeanConfig.class]: Bean instantiation via factory method failed; nested exception is org.springframework.beans.BeanInstantiationException: Failed to instantiate [org.I0Itec.zkclient.ZkClient]: Factory method 'buildZKClient' threw exception; nested exception is org.I0Itec.zkclient.exception.ZkTimeoutException: Unable to connect to zookeeper server within timeout: 15000
Caused by: org.springframework.beans.BeanInstantiationException: Failed to instantiate [org.I0Itec.zkclient.ZkClient]: Factory method 'buildZKClient' threw exception; nested exception is org.I0Itec.zkclient.exception.ZkTimeoutException: Unable to connect to zookeeper server within timeout: 15000
Caused by: org.I0Itec.zkclient.exception.ZkTimeoutException: Unable to connect to zookeeper server within timeout: 15000

